<?xml version="1.0" encoding="UTF-8"?>
<!-- Generated by org.testng.reporters.JUnitReportReporter -->
<testsuite hostname="TP4VDIDEVTCM117" name="com.re.Test.PopUp" tests="1" failures="0" timestamp="5 Dec 2019 09:58:16 GMT" time="0.023" errors="0">
  <testcase name="f" time="0.023" classname="com.re.Test.PopUp"/>
</testsuite> <!-- com.re.Test.PopUp -->
